<?xml version="1.0" encoding="UTF-8"?>
<!-- Generated by org.testng.reporters.JUnitReportReporter -->
<testsuite hostname="GWTN156-1" failures="0" tests="2" name="com.Salesforce.Automation.Tests.LoginTests4A4B" time="18.464" errors="0" timestamp="2023-03-08T18:25:06 PST" skipped="0">
  <testcase classname="com.Salesforce.Automation.Tests.LoginTests4A4B" name="salesForceLoginTest4B" time="6.779"/>
  <system-out/>
  <testcase classname="com.Salesforce.Automation.Tests.LoginTests4A4B" name="salesForceLoginTest4A" time="11.685"/>
  <system-out/>
</testsuite> <!-- com.Salesforce.Automation.Tests.LoginTests4A4B -->
