<?xml version="1.0" encoding="UTF-8"?>
<!-- Generated by org.testng.reporters.JUnitReportReporter -->
<testsuite hostname="GWTN156-1" failures="0" tests="3" name="com.Salesforce.Automation.Tests.LoginTests" time="82.737" errors="0" timestamp="2023-03-08T18:25:06 PST" skipped="0">
  <testcase classname="com.Salesforce.Automation.Tests.LoginTests" name="salesForceLoginTest03" time="47.123"/>
  <system-out/>
  <testcase classname="com.Salesforce.Automation.Tests.LoginTests" name="salesForceLoginTest02" time="27.497"/>
  <system-out/>
  <testcase classname="com.Salesforce.Automation.Tests.LoginTests" name="salesForceLoginTest01" time="8.117"/>
  <system-out/>
</testsuite> <!-- com.Salesforce.Automation.Tests.LoginTests -->
